<?xml version="1.0" encoding="UTF-8"?>
<!-- Generated by org.testng.reporters.JUnitXMLReporter -->
<testsuite ignored="9" hostname="bhas" failures="1" tests="2" name="Default test" time="4.693" errors="0" timestamp="2024-04-18T14:15:17 IST">
  <testcase classname="calculator.CalculatorTests" name="testcalculator_FloatDivide" time="0.389">
    <failure type="java.lang.AssertionError" message="expected [4.5] but found [5.0]">
      <![CDATA[java.lang.AssertionError: expected [4.5] but found [5.0]
at org.testng.Assert.fail(Assert.java:110)
at org.testng.Assert.failNotEquals(Assert.java:1413)
at org.testng.Assert.assertEqualsImpl(Assert.java:149)
at org.testng.Assert.assertEquals(Assert.java:131)
at org.testng.Assert.assertEquals(Assert.java:772)
at calculator.CalculatorTests.testcalculator_FloatDivide(CalculatorTests.java:163)
at java.base/jdk.internal.reflect.NativeMethodAccessorImpl.invoke0(Native Method)
at java.base/jdk.internal.reflect.NativeMethodAccessorImpl.invoke(NativeMethodAccessorImpl.java:77)
at java.base/jdk.internal.reflect.DelegatingMethodAccessorImpl.invoke(DelegatingMethodAccessorImpl.java:43)
at java.base/java.lang.reflect.Method.invoke(Method.java:568)
at org.testng.internal.invokers.MethodInvocationHelper.invokeMethod(MethodInvocationHelper.java:139)
at org.testng.internal.invokers.TestInvoker.invokeMethod(TestInvoker.java:677)
at org.testng.internal.invokers.TestInvoker.invokeTestMethod(TestInvoker.java:221)
at org.testng.internal.invokers.MethodRunner.runInSequence(MethodRunner.java:50)
at org.testng.internal.invokers.TestInvoker$MethodInvocationAgent.invoke(TestInvoker.java:962)
at org.testng.internal.invokers.TestInvoker.invokeTestMethods(TestInvoker.java:194)
at org.testng.internal.invokers.TestMethodWorker.invokeTestMethods(TestMethodWorker.java:148)
at org.testng.internal.invokers.TestMethodWorker.run(TestMethodWorker.java:128)
at java.base/java.util.ArrayList.forEach(ArrayList.java:1511)
at org.testng.TestRunner.privateRun(TestRunner.java:806)
at org.testng.TestRunner.run(TestRunner.java:601)
at org.testng.SuiteRunner.runTest(SuiteRunner.java:433)
at org.testng.SuiteRunner.runSequentially(SuiteRunner.java:427)
at org.testng.SuiteRunner.privateRun(SuiteRunner.java:387)
at org.testng.SuiteRunner.run(SuiteRunner.java:330)
at org.testng.SuiteRunnerWorker.runSuite(SuiteRunnerWorker.java:52)
at org.testng.SuiteRunnerWorker.run(SuiteRunnerWorker.java:95)
at org.testng.TestNG.runSuitesSequentially(TestNG.java:1256)
at org.testng.TestNG.runSuitesLocally(TestNG.java:1176)
at org.testng.TestNG.runSuites(TestNG.java:1099)
at org.testng.TestNG.run(TestNG.java:1067)
at org.testng.remote.AbstractRemoteTestNG.run(AbstractRemoteTestNG.java:115)
at org.testng.remote.RemoteTestNG.initAndRun(RemoteTestNG.java:293)
at org.testng.remote.RemoteTestNG.main(RemoteTestNG.java:91)
]]>
    </failure>
  </testcase> <!-- testcalculator_FloatDivide -->
  <testcase classname="calculator.CalculatorTests" name="testcalculator_Load" time="0.007"/>
  <testcase classname="calculator.CalculatorTests" name="testcalculator_addMultiplyIntegration" time="0.0">
    <ignored/>
  </testcase> <!-- testcalculator_addMultiplyIntegration -->
  <testcase classname="calculator.CalculatorTests" name="testcalculator_subtract" time="0.0">
    <ignored/>
  </testcase> <!-- testcalculator_subtract -->
  <testcase classname="calculator.CalculatorTests" name="testcalculator_Add" time="0.0">
    <ignored/>
  </testcase> <!-- testcalculator_Add -->
  <testcase classname="calculator.CalculatorTests" name="testNumberButtonsDisplay" time="0.0">
    <ignored/>
  </testcase> <!-- testNumberButtonsDisplay -->
  <testcase classname="calculator.CalculatorTests" name="testcalculator_BigNumberTest" time="0.0">
    <ignored/>
  </testcase> <!-- testcalculator_BigNumberTest -->
  <testcase classname="calculator.CalculatorTests" name="testcalculator_Integration2Series" time="0.0">
    <ignored/>
  </testcase> <!-- testcalculator_Integration2Series -->
  <testcase classname="calculator.CalculatorTests" name="testcalculator_divide" time="0.0">
    <ignored/>
  </testcase> <!-- testcalculator_divide -->
  <testcase classname="calculator.CalculatorTests" name="testcalculator_multiply" time="0.0">
    <ignored/>
  </testcase> <!-- testcalculator_multiply -->
  <testcase classname="calculator.CalculatorTests" name="testcalculator_Integration1" time="0.0">
    <ignored/>
  </testcase> <!-- testcalculator_Integration1 -->
</testsuite> <!-- Default test -->
